{
  "stats": {
    "suites": 2,
    "tests": 7,
    "passes": 7,
    "pending": 0,
    "failures": 0,
    "start": "2021-11-06T12:47:16.482Z",
    "end": "2021-11-06T12:50:01.208Z",
    "duration": 164726,
    "testsRegistered": 7,
    "passPercent": 100,
    "pendingPercent": 0,
    "other": 0,
    "hasOther": false,
    "skipped": 0,
    "hasSkipped": false,
    "passPercentClass": "success",
    "pendingPercentClass": "danger"
  },
  "suites": {
    "uuid": "7ac31253-c12a-43cb-bf1d-a2067dd0d52a",
    "title": "",
    "fullFile": "",
    "file": "",
    "beforeHooks": [],
    "afterHooks": [],
    "tests": [],
    "suites": [
      {
        "uuid": "a56eb82f-218e-4f85-ad55-30bc89a67bff",
        "title": "pratice automation testing",
        "fullFile": "E:\\selenium-automatic-test\\test\\praticeAutomationTesting.test.js",
        "file": "\\test\\praticeAutomationTesting.test.js",
        "beforeHooks": [
          {
            "title": "\"before each\" hook",
            "fullTitle": "pratice automation testing \"before each\" hook",
            "timedOut": false,
            "duration": 26037,
            "pass": false,
            "fail": false,
            "pending": false,
            "code": "page = new Page();\ndriver = page.driver;\nawait page.visit('http://practice.automationtesting.in/');",
            "err": {},
            "isRoot": false,
            "uuid": "ef3960fa-b696-4516-8fb3-dc99e7cbe909",
            "isHook": true,
            "skipped": false
          }
        ],
        "afterHooks": [
          {
            "title": "\"after each\" hook",
            "fullTitle": "pratice automation testing \"after each\" hook",
            "timedOut": false,
            "duration": 28,
            "pass": false,
            "fail": false,
            "pending": false,
            "code": "await page.quit();",
            "err": {},
            "isRoot": false,
            "uuid": "460803b5-b81e-4647-9731-2fd1892e6ab3",
            "isHook": true,
            "skipped": false
          }
        ],
        "tests": [
          {
            "title": "go to shop page",
            "fullTitle": "pratice automation testing go to shop page",
            "timedOut": false,
            "duration": 4275,
            "state": "passed",
            "speed": "slow",
            "pass": true,
            "fail": false,
            "pending": false,
            "code": "const result = await page.goToShop();\nexpect(result).to.be.equal(true);",
            "err": {},
            "isRoot": false,
            "uuid": "5b472108-84bc-4500-9037-c9a510f45551",
            "isHook": false,
            "skipped": false
          },
          {
            "title": "order content",
            "fullTitle": "pratice automation testing order content",
            "timedOut": false,
            "duration": 26356,
            "state": "passed",
            "speed": "slow",
            "pass": true,
            "fail": false,
            "pending": false,
            "code": "const result = await page.orderPopularity();\nexpect(result).to.be.equal(true);",
            "err": {},
            "isRoot": false,
            "uuid": "9764cdd1-0d0d-42ac-899d-4f537c9dbd58",
            "isHook": false,
            "skipped": false
          },
          {
            "title": "add to cart from shop",
            "fullTitle": "pratice automation testing add to cart from shop",
            "timedOut": false,
            "duration": 3565,
            "state": "passed",
            "speed": "slow",
            "pass": true,
            "fail": false,
            "pending": false,
            "code": "const result = await page.addCart();\nexpect(result).to.be.equal(true);",
            "err": {},
            "isRoot": false,
            "uuid": "0fd48ef8-23cd-46b9-b9fe-b7c8b243e712",
            "isHook": false,
            "skipped": false
          },
          {
            "title": "login fail with full",
            "fullTitle": "pratice automation testing login fail with full",
            "timedOut": false,
            "duration": 35884,
            "state": "passed",
            "speed": "slow",
            "pass": true,
            "fail": false,
            "pending": false,
            "code": "const result = await page.loginFailWithFull();\nexpect(result).to.be.equal(true);",
            "err": {},
            "isRoot": false,
            "uuid": "b9177e83-91d7-4367-8a6a-e86836827f24",
            "isHook": false,
            "skipped": false
          },
          {
            "title": "register success",
            "fullTitle": "pratice automation testing register success",
            "timedOut": false,
            "duration": 3442,
            "state": "passed",
            "speed": "slow",
            "pass": true,
            "fail": false,
            "pending": false,
            "code": "const result = await page.registerSuccess();\nexpect(result).to.be.equal(true);",
            "err": {},
            "isRoot": false,
            "uuid": "f371a877-ddb4-4a88-9bdb-a438ad675bb5",
            "isHook": false,
            "skipped": false
          }
        ],
        "suites": [],
        "passes": [
          "5b472108-84bc-4500-9037-c9a510f45551",
          "9764cdd1-0d0d-42ac-899d-4f537c9dbd58",
          "0fd48ef8-23cd-46b9-b9fe-b7c8b243e712",
          "b9177e83-91d7-4367-8a6a-e86836827f24",
          "f371a877-ddb4-4a88-9bdb-a438ad675bb5"
        ],
        "failures": [],
        "pending": [],
        "skipped": [],
        "duration": 73522,
        "root": false,
        "rootEmpty": false,
        "_timeout": 50000
      },
      {
        "uuid": "30993772-98dd-4d72-89dc-4edc6224dc89",
        "title": "Google search automated testing",
        "fullFile": "E:\\selenium-automatic-test\\test\\searchGoogle.test.js",
        "file": "\\test\\searchGoogle.test.js",
        "beforeHooks": [
          {
            "title": "\"before each\" hook",
            "fullTitle": "Google search automated testing \"before each\" hook",
            "timedOut": false,
            "duration": 2667,
            "pass": false,
            "fail": false,
            "pending": false,
            "code": "page = new Page();\ndriver = page.driver;\nawait page.visit('https://www.google.com/');",
            "err": {},
            "isRoot": false,
            "uuid": "930b0a73-9ec3-4c30-9980-24e89685a343",
            "isHook": true,
            "skipped": false
          }
        ],
        "afterHooks": [
          {
            "title": "\"after each\" hook",
            "fullTitle": "Google search automated testing \"after each\" hook",
            "timedOut": false,
            "duration": 40,
            "pass": false,
            "fail": false,
            "pending": false,
            "code": "await page.quit();",
            "err": {},
            "isRoot": false,
            "uuid": "a2ff13cc-65f4-4f75-9f6f-e56c48da7af9",
            "isHook": true,
            "skipped": false
          }
        ],
        "tests": [
          {
            "title": "find the input box and google search button",
            "fullTitle": "Google search automated testing find the input box and google search button",
            "timedOut": false,
            "duration": 55,
            "state": "passed",
            "speed": "medium",
            "pass": true,
            "fail": false,
            "pending": false,
            "code": "const result = await page.findInputAndButton();\nexpect(result.inputEnabled).to.equal(true);\nexpect(result.buttonText).to.include('Google');",
            "err": {},
            "isRoot": false,
            "uuid": "253de4c0-c1f3-4683-92c5-c664382c35b2",
            "isHook": false,
            "skipped": false
          },
          {
            "title": "put keyword in search box and click search button",
            "fullTitle": "Google search automated testing put keyword in search box and click search button",
            "timedOut": false,
            "duration": 1781,
            "state": "passed",
            "speed": "slow",
            "pass": true,
            "fail": false,
            "pending": false,
            "code": "const result = await page.submitKeywordAndGetResult();\nexpect(result.length).to.be.above(10);",
            "err": {},
            "isRoot": false,
            "uuid": "b5d15e63-3438-4557-a19e-2b330a67a63d",
            "isHook": false,
            "skipped": false
          }
        ],
        "suites": [],
        "passes": [
          "253de4c0-c1f3-4683-92c5-c664382c35b2",
          "b5d15e63-3438-4557-a19e-2b330a67a63d"
        ],
        "failures": [],
        "pending": [],
        "skipped": [],
        "duration": 1836,
        "root": false,
        "rootEmpty": false,
        "_timeout": 50000
      }
    ],
    "passes": [],
    "failures": [],
    "pending": [],
    "skipped": [],
    "duration": 0,
    "root": true,
    "rootEmpty": true,
    "_timeout": 2000
  },
  "copyrightYear": 2021
}