{
  "stats": {
    "suites": 1,
    "tests": 1,
    "passes": 1,
    "pending": 0,
    "failures": 0,
    "start": "2021-11-06T11:57:13.793Z",
    "end": "2021-11-06T11:57:34.881Z",
    "duration": 21088,
    "testsRegistered": 1,
    "passPercent": 100,
    "pendingPercent": 0,
    "other": 0,
    "hasOther": false,
    "skipped": 0,
    "hasSkipped": false,
    "passPercentClass": "success",
    "pendingPercentClass": "danger"
  },
  "suites": {
    "uuid": "4c8452d0-c12d-4d71-9083-40b1355edfc1",
    "title": "",
    "fullFile": "",
    "file": "",
    "beforeHooks": [],
    "afterHooks": [],
    "tests": [],
    "suites": [
      {
        "uuid": "fcbf040a-424e-490c-a8f9-87609378971d",
        "title": "pratice automation testing",
        "fullFile": "E:\\selenium-automatic-test\\test\\praticeAutomationTesting.test.js",
        "file": "\\test\\praticeAutomationTesting.test.js",
        "beforeHooks": [
          {
            "title": "\"before each\" hook",
            "fullTitle": "pratice automation testing \"before each\" hook",
            "timedOut": false,
            "duration": 15232,
            "pass": false,
            "fail": false,
            "pending": false,
            "code": "page = new Page();\ndriver = page.driver;\nawait page.visit('http://practice.automationtesting.in/');",
            "err": {},
            "isRoot": false,
            "uuid": "3bf9e37a-8fa4-4ccb-93d2-c6578cc96256",
            "isHook": true,
            "skipped": false
          }
        ],
        "afterHooks": [
          {
            "title": "\"after each\" hook",
            "fullTitle": "pratice automation testing \"after each\" hook",
            "timedOut": false,
            "duration": 101,
            "pass": false,
            "fail": false,
            "pending": false,
            "code": "await page.quit();",
            "err": {},
            "isRoot": false,
            "uuid": "ad41425a-66e0-45c9-a480-6f478e1d30f5",
            "isHook": true,
            "skipped": false
          }
        ],
        "tests": [
          {
            "title": "register success",
            "fullTitle": "pratice automation testing register success",
            "timedOut": false,
            "duration": 5747,
            "state": "passed",
            "speed": "slow",
            "pass": true,
            "fail": false,
            "pending": false,
            "code": "const result = await page.registerSuccess();\nexpect(result).to.be.equal(true);",
            "err": {},
            "isRoot": false,
            "uuid": "8fb4b423-c51b-4f87-9988-fab7f0678628",
            "isHook": false,
            "skipped": false
          }
        ],
        "suites": [],
        "passes": [
          "8fb4b423-c51b-4f87-9988-fab7f0678628"
        ],
        "failures": [],
        "pending": [],
        "skipped": [],
        "duration": 5747,
        "root": false,
        "rootEmpty": false,
        "_timeout": 50000
      }
    ],
    "passes": [],
    "failures": [],
    "pending": [],
    "skipped": [],
    "duration": 0,
    "root": true,
    "rootEmpty": true,
    "_timeout": 2000
  },
  "copyrightYear": 2021
}